/home/other/johna/.local/lib/python3.10/site-packages/pandas/core/computation/expressions.py:21: UserWarning: Pandas requires version '2.8.4' or newer of 'numexpr' (version '2.8.1' currently installed).
  from pandas.core.computation.check import NUMEXPR_INSTALLED
/home/other/johna/.local/lib/python3.10/site-packages/pandas/core/arrays/masked.py:60: UserWarning: Pandas requires version '1.3.6' or newer of 'bottleneck' (version '1.3.2' currently installed).
  from pandas.core import (
/usr/lib/python3/dist-packages/scipy/__init__.py:146: UserWarning: A NumPy version >=1.17.3 and <1.25.0 is required for this version of SciPy (detected version 1.26.4
  warnings.warn(f"A NumPy version >={np_minversion} and <{np_maxversion}"
/home/other/johna/.local/lib/python3.10/site-packages/matplotlib/projections/__init__.py:63: UserWarning: Unable to import Axes3D. This may be due to multiple versions of Matplotlib being installed (e.g. as a system package and as a pip package). As a result, the 3D projection is not available.
  warnings.warn("Unable to import Axes3D. This may be due to multiple versions of "
================================================================================
PHASE 1: Beta Grid Search for Multi-Decoder VAE v2.13
================================================================================
Testing β_end ∈ {0.5, 0.75, 1.0, 1.5, 2.0}
5-fold entropy-balanced CV per β_end

Dataset: 238,506 samples, 296 boreholes
Device: cuda


================================================================================
β_end = 0.5
================================================================================

Fold 1/5
  Train: 197,946, Test: 40,560
  ARI: 0.1597 (time: 212.9s)

Fold 2/5
  Train: 196,539, Test: 41,967
  ARI: 0.1751 (time: 212.4s)

Fold 3/5
  Train: 191,629, Test: 46,877
  ARI: 0.1825 (time: 209.3s)

Fold 4/5
  Train: 181,220, Test: 57,286
  ARI: 0.2205 (time: 201.8s)

Fold 5/5
  Train: 186,690, Test: 51,816
  ARI: 0.1459 (time: 205.2s)

β_end=0.5: Mean ARI = 0.1767 ± 0.0253

================================================================================
β_end = 0.75
================================================================================

Fold 1/5
  Train: 197,946, Test: 40,560
  ARI: 0.1631 (time: 212.0s)

Fold 2/5
  Train: 196,539, Test: 41,967
  ARI: 0.2112 (time: 210.6s)

Fold 3/5
  Train: 191,629, Test: 46,877
  ARI: 0.1824 (time: 208.3s)

Fold 4/5
  Train: 181,220, Test: 57,286
  ARI: 0.2122 (time: 203.5s)

Fold 5/5
  Train: 186,690, Test: 51,816
  ARI: 0.1621 (time: 202.9s)

β_end=0.75: Mean ARI = 0.1862 ± 0.0220

================================================================================
β_end = 1.0
================================================================================

Fold 1/5
  Train: 197,946, Test: 40,560
  ARI: 0.1687 (time: 210.9s)

Fold 2/5
  Train: 196,539, Test: 41,967
  ARI: 0.1935 (time: 209.9s)

Fold 3/5
  Train: 191,629, Test: 46,877
  ARI: 0.1809 (time: 211.5s)

Fold 4/5
  Train: 181,220, Test: 57,286
  ARI: 0.2233 (time: 202.4s)

Fold 5/5
  Train: 186,690, Test: 51,816
  ARI: 0.1596 (time: 206.7s)

β_end=1.0: Mean ARI = 0.1852 ± 0.0222

================================================================================
β_end = 1.5
================================================================================

Fold 1/5
  Train: 197,946, Test: 40,560
  ARI: 0.1679 (time: 212.8s)

Fold 2/5
  Train: 196,539, Test: 41,967
  ARI: 0.2120 (time: 210.3s)

Fold 3/5
  Train: 191,629, Test: 46,877
  ARI: 0.1517 (time: 209.1s)

Fold 4/5
  Train: 181,220, Test: 57,286
  ARI: 0.2419 (time: 202.1s)

Fold 5/5
  Train: 186,690, Test: 51,816
  ARI: 0.1590 (time: 205.5s)

β_end=1.5: Mean ARI = 0.1865 ± 0.0347

================================================================================
β_end = 2.0
================================================================================

Fold 1/5
  Train: 197,946, Test: 40,560
  ARI: 0.1462 (time: 210.9s)

Fold 2/5
  Train: 196,539, Test: 41,967
  ARI: 0.2070 (time: 210.7s)

Fold 3/5
  Train: 191,629, Test: 46,877
  ARI: 0.1954 (time: 208.2s)

Fold 4/5
  Train: 181,220, Test: 57,286
  ARI: 0.2322 (time: 203.7s)

Fold 5/5
  Train: 186,690, Test: 51,816
  ARI: 0.1682 (time: 205.1s)

β_end=2.0: Mean ARI = 0.1898 ± 0.0300

================================================================================
PHASE 1 COMPLETE - SUMMARY
================================================================================

β_end    Mean ARI   Std      Min      Max
------------------------------------------------------------
 0.50    0.1767    0.0283   0.1459   0.2205
 0.75    0.1862    0.0246   0.1621   0.2122
 1.00    0.1852    0.0248   0.1596   0.2233
 1.50    0.1865    0.0388   0.1517   0.2419
 2.00    0.1898    0.0335   0.1462   0.2322

**Best β_end: 2.0 (ARI = 0.1898 ± 0.0335)**

Baseline (β_end=0.75): ARI = 0.1862 ± 0.0246
Improvement: +1.9%

Results saved to: v2_13_beta_grid_search.csv
================================================================================
