/home/other/johna/.local/lib/python3.10/site-packages/pandas/core/computation/expressions.py:21: UserWarning: Pandas requires version '2.8.4' or newer of 'numexpr' (version '2.8.1' currently installed).
  from pandas.core.computation.check import NUMEXPR_INSTALLED
/home/other/johna/.local/lib/python3.10/site-packages/pandas/core/arrays/masked.py:61: UserWarning: Pandas requires version '1.3.6' or newer of 'bottleneck' (version '1.3.2' currently installed).
  from pandas.core import (
/home/other/johna/.local/lib/python3.10/site-packages/matplotlib/projections/__init__.py:63: UserWarning: Unable to import Axes3D. This may be due to multiple versions of Matplotlib being installed (e.g. as a system package and as a pip package). As a result, the 3D projection is not available.
  warnings.warn("Unable to import Axes3D. This may be due to multiple versions of "
Loading VAE v2.6.7 dataset...
Loaded 238,506 samples from 296 boreholes

Borehole depth statistics:
  Longest: 188.4m (354-U1455-C)
  Shortest: 0.0m (359-U1469-B)
  Mean: 48.8m

Creating visualization...
  Global max depth: 360.0m

✓ Visualization saved: vae_borehole_coverage.png
✓ Summary saved: borehole_coverage_summary.csv

Top 10 longest boreholes:
   1. 354-U1455-C                   :   188.4m (   963 samples)
   2. 355-U1457-C                   :   181.5m ( 2,149 samples)
   3. 356-U1462-C                   :   177.0m ( 1,869 samples)
   4. 356-U1461-B                   :   175.4m ( 3,465 samples)
   5. 359-U1468-A                   :   169.4m ( 2,181 samples)
   6. 360-U1473-A                   :   156.0m ( 2,588 samples)
   7. 353-U1447-A                   :   148.1m ( 3,469 samples)
   8. 351-U1438-E                   :   147.5m ( 2,241 samples)
   9. 356-U1462-A                   :   145.7m ( 1,485 samples)
  10. 368X-U1503-A                  :   142.1m (   900 samples)

Bottom 10 shortest boreholes:
   1. 375-U1518-C                   :     0.9m (    24 samples)
   2. 376-U1529-A                   :     0.5m (    14 samples)
   3. 354-U1454-D                   :     0.3m (     8 samples)
   4. 361-U1475-A                   :     0.2m (     7 samples)
   5. 361-U1474-C                   :     0.2m (     7 samples)
   6. 376-U1531-A                   :     0.2m (     6 samples)
   7. 361-U1479-A                   :     0.2m (     5 samples)
   8. 354-U1455-A                   :     0.1m (     4 samples)
   9. 368-U1505-A                   :     0.0m (     2 samples)
  10. 359-U1469-B                   :     0.0m (     2 samples)
