/home/other/johna/.local/lib/python3.10/site-packages/pandas/core/computation/expressions.py:21: UserWarning: Pandas requires version '2.8.4' or newer of 'numexpr' (version '2.8.1' currently installed).
  from pandas.core.computation.check import NUMEXPR_INSTALLED
/home/other/johna/.local/lib/python3.10/site-packages/pandas/core/arrays/masked.py:61: UserWarning: Pandas requires version '1.3.6' or newer of 'bottleneck' (version '1.3.2' currently installed).
  from pandas.core import (
/home/other/johna/.local/lib/python3.10/site-packages/matplotlib/projections/__init__.py:63: UserWarning: Unable to import Axes3D. This may be due to multiple versions of Matplotlib being installed (e.g. as a system package and as a pip package). As a result, the 3D projection is not available.
  warnings.warn("Unable to import Axes3D. This may be due to multiple versions of "
Loading VAE v2.6.7 dataset...
Loaded 238,506 samples from 296 boreholes
Loading borehole total depths summary...
Loaded total depths for 534 boreholes

Borehole depth statistics:
  Total depths:
    Longest: 188.4m (354-U1455-C)
    Shortest: 0.0m (359-U1469-B)
    Mean: 48.8m
  VAE data coverage:
    Longest: 188.4m
    Mean: 48.8m

Creating visualization...
  Global max depth: 360.0m
