/home/other/johna/.local/lib/python3.10/site-packages/pandas/core/computation/expressions.py:21: UserWarning: Pandas requires version '2.8.4' or newer of 'numexpr' (version '2.8.1' currently installed).
  from pandas.core.computation.check import NUMEXPR_INSTALLED
/home/other/johna/.local/lib/python3.10/site-packages/pandas/core/arrays/masked.py:61: UserWarning: Pandas requires version '1.3.6' or newer of 'bottleneck' (version '1.3.2' currently installed).
  from pandas.core import (
/usr/lib/python3/dist-packages/scipy/__init__.py:146: UserWarning: A NumPy version >=1.17.3 and <1.25.0 is required for this version of SciPy (detected version 1.26.4
  warnings.warn(f"A NumPy version >={np_minversion} and <{np_maxversion}"
/home/other/johna/.local/lib/python3.10/site-packages/matplotlib/projections/__init__.py:63: UserWarning: Unable to import Axes3D. This may be due to multiple versions of Matplotlib being installed (e.g. as a system package and as a pip package). As a result, the 3D projection is not available.
  warnings.warn("Unable to import Axes3D. This may be due to multiple versions of "
Loading models...
Warning: UMAP not available, will use PCA only for 8D visualization
Warning: UMAP not available, will use PCA only for 8D visualization
Creating test split...
Test set: 45 boreholes, 30,593 samples

Loading v2.1 (β=1.0)...
Loading v2.5 (β=0.01)...
Extracting latent representations...

================================================================================
VAE v2.1 (β=1.0) vs v2.5 (β=0.01) - Test Set Comparison
================================================================================

k=10:
  v2.1 (β=1.0):  ARI = 0.192
  v2.5 (β=0.01): ARI = 0.175
  Improvement: -8.9%

k=12:
  v2.1 (β=1.0):  ARI = 0.167
  v2.5 (β=0.01): ARI = 0.194
  Improvement: +16.1%

k=15:
  v2.1 (β=1.0):  ARI = 0.179
  v2.5 (β=0.01): ARI = 0.195
  Improvement: +8.8%

k=20:
  v2.1 (β=1.0):  ARI = 0.166
  v2.5 (β=0.01): ARI = 0.212
  Improvement: +28.1%

================================================================================
CONCLUSION
================================================================================

β=0.01 preserves feature correlations (MS↔alteration, GRA↔compaction)
that are geologically meaningful for lithology discrimination.

Higher β (disentanglement) destroys these correlations, hurting clustering.
================================================================================

