/home/other/johna/.local/lib/python3.10/site-packages/pandas/core/computation/expressions.py:21: UserWarning: Pandas requires version '2.8.4' or newer of 'numexpr' (version '2.8.1' currently installed).
  from pandas.core.computation.check import NUMEXPR_INSTALLED
/home/other/johna/.local/lib/python3.10/site-packages/pandas/core/arrays/masked.py:61: UserWarning: Pandas requires version '1.3.6' or newer of 'bottleneck' (version '1.3.2' currently installed).
  from pandas.core import (
/usr/lib/python3/dist-packages/scipy/__init__.py:146: UserWarning: A NumPy version >=1.17.3 and <1.25.0 is required for this version of SciPy (detected version 1.26.4
  warnings.warn(f"A NumPy version >={np_minversion} and <{np_maxversion}"
/home/other/johna/.local/lib/python3.10/site-packages/matplotlib/projections/__init__.py:63: UserWarning: Unable to import Axes3D. This may be due to multiple versions of Matplotlib being installed (e.g. as a system package and as a pip package). As a result, the 3D projection is not available.
  warnings.warn("Unable to import Axes3D. This may be due to multiple versions of "
Warning: UMAP not available, will use PCA only for 8D visualization
================================================================================
VAE GRA v3 - Dual Encoder Architecture (Direct Training)
================================================================================
Using device: cpu

Loading data...
Loaded 238,506 samples from 296 boreholes

Train: 207 boreholes, 169,018 samples
Val:   44 boreholes, 37,093 samples

Scaling...

================================================================================
Training 8D Latent Model
================================================================================
Model parameters: 1,270

Training...
Epoch   1: Train=5.002, Val=3.156
Epoch   5: Train=3.789, Val=3.013
Epoch  10: Train=3.718, Val=3.022
Epoch  15: Train=3.695, Val=3.017
Epoch  20: Train=3.696, Val=3.011

Early stopping at epoch 22

Training completed in 165.0 seconds
Best validation loss: 3.002

✓ Saved checkpoint to ml_models/checkpoints/vae_gra_v3_latent8.pth

================================================================================
VAE GRA v3 Training Complete!
================================================================================
