/home/other/johna/.local/lib/python3.10/site-packages/pandas/core/computation/expressions.py:21: UserWarning: Pandas requires version '2.8.4' or newer of 'numexpr' (version '2.8.1' currently installed).
  from pandas.core.computation.check import NUMEXPR_INSTALLED
/home/other/johna/.local/lib/python3.10/site-packages/pandas/core/arrays/masked.py:61: UserWarning: Pandas requires version '1.3.6' or newer of 'bottleneck' (version '1.3.2' currently installed).
  from pandas.core import (
/usr/lib/python3/dist-packages/scipy/__init__.py:146: UserWarning: A NumPy version >=1.17.3 and <1.25.0 is required for this version of SciPy (detected version 1.26.4
  warnings.warn(f"A NumPy version >={np_minversion} and <{np_maxversion}"
Importing VAE classes...
Warning: UMAP not available, will use PCA only for 8D visualization
/home/other/johna/.local/lib/python3.10/site-packages/matplotlib/projections/__init__.py:63: UserWarning: Unable to import Axes3D. This may be due to multiple versions of Matplotlib being installed (e.g. as a system package and as a pip package). As a result, the 3D projection is not available.
  warnings.warn("Unable to import Axes3D. This may be due to multiple versions of "
Loading VAE v2.1 model...
Checkpoint loaded.
Creating model...
Model ready.
Loading data with simplified labels...
Data loaded in 0.3s
Using FULL dataset: 238,506 samples
Extracting features...
Scaling features...
Scaled in 0.1s
Extracting latent representations...
Latent extraction done in 0.0s

======================================================================
VAE v2.1 Performance Comparison
======================================================================

Running k=10...
  K-Means done in 3.5s
