/home/other/johna/.local/lib/python3.10/site-packages/pandas/core/computation/expressions.py:21: UserWarning: Pandas requires version '2.8.4' or newer of 'numexpr' (version '2.8.1' currently installed).
  from pandas.core.computation.check import NUMEXPR_INSTALLED
/home/other/johna/.local/lib/python3.10/site-packages/pandas/core/arrays/masked.py:60: UserWarning: Pandas requires version '1.3.6' or newer of 'bottleneck' (version '1.3.2' currently installed).
  from pandas.core import (
/home/other/johna/.local/lib/python3.10/site-packages/matplotlib/projections/__init__.py:63: UserWarning: Unable to import Axes3D. This may be due to multiple versions of Matplotlib being installed (e.g. as a system package and as a pip package). As a result, the 3D projection is not available.
  warnings.warn("Unable to import Axes3D. This may be due to multiple versions of "
/usr/lib/python3/dist-packages/scipy/__init__.py:146: UserWarning: A NumPy version >=1.17.3 and <1.25.0 is required for this version of SciPy (detected version 1.26.4
  warnings.warn(f"A NumPy version >={np_minversion} and <{np_maxversion}"
================================================================================
SEMI-SUPERVISED VAE v2.14 - RECONSTRUCTION QUALITY ANALYSIS
================================================================================
Loading dataset...
Test samples: 28,015

Device: cuda
Loading checkpoint: ml_models/checkpoints/semisup_vae_alpha0.1.pth
✓ Model loaded (epoch 4)

Generating reconstructions...

Computing reconstruction metrics:
============================================================
Bulk density (GRA)                       R²= 0.949  RMSE=    0.06 (  3.5% of mean)
Magnetic susceptibility (instr. units)   R²= 0.837  RMSE=  135.06 (128.2% of mean)
NGR total counts (cps)                   R²= 0.880  RMSE=    6.58 ( 24.6% of mean)
R                                        R²= 0.924  RMSE=   11.05 ( 16.0% of mean)
G                                        R²= 0.933  RMSE=    9.84 ( 14.8% of mean)
B                                        R²= 0.922  RMSE=    9.14 ( 15.9% of mean)
============================================================

Creating reconstruction scatter plots...
✓ Saved: v2_14_reconstruction_scatter.png

Creating residual plots...
✓ Saved: v2_14_reconstruction_residuals.png

✓ Saved: v2_14_reconstruction_metrics.csv

================================================================================
COMPLETE
================================================================================
Generated:
  - v2_14_reconstruction_scatter.png (input vs reconstructed)
  - v2_14_reconstruction_residuals.png (residual analysis)
  - v2_14_reconstruction_metrics.csv (R², RMSE)

Overall R² scores:
  Bulk density (GRA)                       R²= 0.949
  Magnetic susceptibility (instr. units)   R²= 0.837
  NGR total counts (cps)                   R²= 0.880
  R                                        R²= 0.924
  G                                        R²= 0.933
  B                                        R²= 0.922
